<?xml version="1.0" encoding="UTF-8"?>
<testsuites name="APCS_TEST" time="102" tests="0" failures="1" errors="0">
   <testsuite name="APCS_TEST" tests="0" failures="1" errors="0" time="102" timestamp="2019-01-07 16:40:31" hostname="fgl8tbp - WKSP000926FD.us.ups.com" id="Test Suites/APCS_TEST">
      <properties>
         <property name="deviceName" value=""/>
         <property name="devicePlatform" value=""/>
         <property name="logFolder" value="C:\\Users\\fgl8tbp\\Katalon Studio\\scenario\\Reports\\APCS_TEST\\20190107_164025"/>
         <property name="logFiles" value="C:\\Users\\fgl8tbp\\Katalon Studio\\scenario\\Reports\\APCS_TEST\\20190107_164025\\execution0.log, C:\\Users\\fgl8tbp\\Katalon Studio\\scenario\\Reports\\APCS_TEST\\20190107_164025\\IEDriverServer.log"/>
         <property name="attachments" value="C:\\Users\\fgl8tbp\\Katalon Studio\\scenario\\Reports\\APCS_TEST\\20190107_164025\\1546897333004.png"/>
         <property name="hostName" value="fgl8tbp - WKSP000926FD.us.ups.com"/>
         <property name="os" value="Windows 10 64bit"/>
         <property name="katalonVersion" value="5.10.1.1"/>
         <property name="browser" value="IE 11"/>
         <property name="hostAddress" value="10.246.106.118"/>
         <property name="sessionId" value="4b5b7835-159b-4798-a563-4f81e7c42166"/>
         <property name="seleniumVersion" value="3.7.1"/>
         <property name="proxyInformation" value="ProxyInformation{proxyOption=NO_PROXY, proxyServerType=HTTP, password=, proxyServerAddress=, proxyServerPort=0}"/>
         <property name="platform" value="Windows 10"/>
      </properties>
      <testcase name="Test Cases/APCS" classname="Test Cases/APCS" status="FAILED">
         <failure type="FAILED" message="Test Cases/APCS FAILED.
Reason:
com.kms.katalon.core.exception.StepFailedException: Unable to click on object 'Object Repository/Page_APCS ApplicationUPS/a_Log out' (Root cause: org.openqa.selenium.ElementNotInteractableException: Cannot click on element
Build info: version: '3.7.1', revision: '8a0099a', time: '2017-11-06T21:07:36.161Z'
System info: host: 'WKSP000926FD', ip: '10.246.106.118', os.name: 'Windows 10', os.arch: 'amd64', os.version: '10.0', java.version: '1.8.0_181'
Driver info: com.kms.katalon.selenium.driver.CInternetExplorerDriver
Capabilities {acceptInsecureCerts: false, browserName: internet explorer, browserVersion: 11, javascriptEnabled: true, pageLoadStrategy: normal, platform: WINDOWS, platformName: WINDOWS, se:ieOptions: {browserAttachTimeout: 0, elementScrollBehavior: 0, enablePersistentHover: true, ie.browserCommandLineSwitches: , ie.ensureCleanSession: false, ie.fileUploadDialogTimeout: 3000, ie.forceCreateProcessApi: false, ignoreProtectedModeSettings: false, ignoreZoomSetting: false, initialBrowserUrl: http://localhost:37431/, nativeEvents: true, requireWindowFocus: false}, setWindowRect: true}
Session ID: 4b5b7835-159b-4798-a563-4f81e7c42166)
	at com.kms.katalon.core.keyword.internal.KeywordMain.stepFailed(KeywordMain.groovy:36)
	at com.kms.katalon.core.webui.keyword.internal.WebUIKeywordMain.stepFailed(WebUIKeywordMain.groovy:65)
	at com.kms.katalon.core.webui.keyword.internal.WebUIKeywordMain.runKeyword(WebUIKeywordMain.groovy:27)
	at com.kms.katalon.core.webui.keyword.builtin.ClickKeyword.click(ClickKeyword.groovy:86)
	at com.kms.katalon.core.webui.keyword.builtin.ClickKeyword.execute(ClickKeyword.groovy:67)
	at com.kms.katalon.core.keyword.internal.KeywordExecutor.executeKeywordForPlatform(KeywordExecutor.groovy:53)
	at com.kms.katalon.core.webui.keyword.WebUiBuiltInKeywords.click(WebUiBuiltInKeywords.groovy:616)
	at com.kms.katalon.core.webui.keyword.WebUiBuiltInKeywords$click$3.call(Unknown Source)
	at APCS.run(APCS:80)
	at com.kms.katalon.core.main.ScriptEngine.run(ScriptEngine.java:194)
	at com.kms.katalon.core.main.ScriptEngine.runScriptAsRawText(ScriptEngine.java:119)
	at com.kms.katalon.core.main.TestCaseExecutor.runScript(TestCaseExecutor.java:328)
	at com.kms.katalon.core.main.TestCaseExecutor.doExecute(TestCaseExecutor.java:319)
	at com.kms.katalon.core.main.TestCaseExecutor.processExecutionPhase(TestCaseExecutor.java:298)
	at com.kms.katalon.core.main.TestCaseExecutor.accessMainPhase(TestCaseExecutor.java:290)
	at com.kms.katalon.core.main.TestCaseExecutor.execute(TestCaseExecutor.java:224)
	at com.kms.katalon.core.main.TestSuiteExecutor.accessTestCaseMainPhase(TestSuiteExecutor.java:129)
	at com.kms.katalon.core.main.TestSuiteExecutor.accessTestSuiteMainPhase(TestSuiteExecutor.java:112)
	at com.kms.katalon.core.main.TestSuiteExecutor.execute(TestSuiteExecutor.java:81)
	at com.kms.katalon.core.main.TestCaseMain.startTestSuite(TestCaseMain.java:149)
	at com.kms.katalon.core.main.TestCaseMain$startTestSuite$0.call(Unknown Source)
	at TempTestSuite1546897225081.run(TempTestSuite1546897225081.groovy:36)
"/>
         <system-out><![CDATA[2019-01-07 16:40:32 - [TEST_CASE][FAILED] - Test Cases/APCS: Test Cases/APCS FAILED.
Reason:
com.kms.katalon.core.exception.StepFailedException: Unable to click on object 'Object Repository/Page_APCS ApplicationUPS/a_Log out' (Root cause: org.openqa.selenium.ElementNotInteractableException: Cannot click on element
Build info: version: '3.7.1', revision: '8a0099a', time: '2017-11-06T21:07:36.161Z'
System info: host: 'WKSP000926FD', ip: '10.246.106.118', os.name: 'Windows 10', os.arch: 'amd64', os.version: '10.0', java.version: '1.8.0_181'
Driver info: com.kms.katalon.selenium.driver.CInternetExplorerDriver
Capabilities {acceptInsecureCerts: false, browserName: internet explorer, browserVersion: 11, javascriptEnabled: true, pageLoadStrategy: normal, platform: WINDOWS, platformName: WINDOWS, se:ieOptions: {browserAttachTimeout: 0, elementScrollBehavior: 0, enablePersistentHover: true, ie.browserCommandLineSwitches: , ie.ensureCleanSession: false, ie.fileUploadDialogTimeout: 3000, ie.forceCreateProcessApi: false, ignoreProtectedModeSettings: false, ignoreZoomSetting: false, initialBrowserUrl: http://localhost:37431/, nativeEvents: true, requireWindowFocus: false}, setWindowRect: true}
Session ID: 4b5b7835-159b-4798-a563-4f81e7c42166)
	at com.kms.katalon.core.keyword.internal.KeywordMain.stepFailed(KeywordMain.groovy:36)
	at com.kms.katalon.core.webui.keyword.internal.WebUIKeywordMain.stepFailed(WebUIKeywordMain.groovy:65)
	at com.kms.katalon.core.webui.keyword.internal.WebUIKeywordMain.runKeyword(WebUIKeywordMain.groovy:27)
	at com.kms.katalon.core.webui.keyword.builtin.ClickKeyword.click(ClickKeyword.groovy:86)
	at com.kms.katalon.core.webui.keyword.builtin.ClickKeyword.execute(ClickKeyword.groovy:67)
	at com.kms.katalon.core.keyword.internal.KeywordExecutor.executeKeywordForPlatform(KeywordExecutor.groovy:53)
	at com.kms.katalon.core.webui.keyword.WebUiBuiltInKeywords.click(WebUiBuiltInKeywords.groovy:616)
	at com.kms.katalon.core.webui.keyword.WebUiBuiltInKeywords$click$3.call(Unknown Source)
	at APCS.run(APCS:80)
	at com.kms.katalon.core.main.ScriptEngine.run(ScriptEngine.java:194)
	at com.kms.katalon.core.main.ScriptEngine.runScriptAsRawText(ScriptEngine.java:119)
	at com.kms.katalon.core.main.TestCaseExecutor.runScript(TestCaseExecutor.java:328)
	at com.kms.katalon.core.main.TestCaseExecutor.doExecute(TestCaseExecutor.java:319)
	at com.kms.katalon.core.main.TestCaseExecutor.processExecutionPhase(TestCaseExecutor.java:298)
	at com.kms.katalon.core.main.TestCaseExecutor.accessMainPhase(TestCaseExecutor.java:290)
	at com.kms.katalon.core.main.TestCaseExecutor.execute(TestCaseExecutor.java:224)
	at com.kms.katalon.core.main.TestSuiteExecutor.accessTestCaseMainPhase(TestSuiteExecutor.java:129)
	at com.kms.katalon.core.main.TestSuiteExecutor.accessTestSuiteMainPhase(TestSuiteExecutor.java:112)
	at com.kms.katalon.core.main.TestSuiteExecutor.execute(TestSuiteExecutor.java:81)
	at com.kms.katalon.core.main.TestCaseMain.startTestSuite(TestCaseMain.java:149)
	at com.kms.katalon.core.main.TestCaseMain$startTestSuite$0.call(Unknown Source)
	at TempTestSuite1546897225081.run(TempTestSuite1546897225081.groovy:36)


2019-01-07 16:40:33 - [TEST_STEP][PASSED] - openBrowser(""): Browser is opened with url: ''

2019-01-07 16:40:35 - [MESSAGE][INFO] - Starting 'IE' driver

2019-01-07 16:40:35 - [MESSAGE][INFO] - Action delay is set to 0 seconds

2019-01-07 16:40:41 - [MESSAGE][PASSED] - Browser is opened with url: ''

2019-01-07 16:40:41 - [TEST_STEP][PASSED] - navigateToUrl("https://apcs.ams1907.com/apcs/registration.do"): Navigate to 'https://apcs.ams1907.com/apcs/registration.do' successfully

2019-01-07 16:40:42 - [MESSAGE][PASSED] - Navigate to 'https://apcs.ams1907.com/apcs/registration.do' successfully

2019-01-07 16:40:42 - [TEST_STEP][PASSED] - setText(findTestObject("Object Repository/Page_Enterprise Access Management/input_User ID_user"), "fgl8tbp"): Text 'fgl8tbp' is set on object 'Object Repository/Page_Enterprise Access Management/input_User ID_user'

2019-01-07 16:40:43 - [MESSAGE][PASSED] - Text 'fgl8tbp' is set on object 'Object Repository/Page_Enterprise Access Management/input_User ID_user'

2019-01-07 16:40:43 - [TEST_STEP][PASSED] - setEncryptedText(findTestObject("Object Repository/Page_Enterprise Access Management/input_Password_password"), "oAR5EV3bLF6Zw+XSIEVvwg=="): Text ****** has been set on object 'Object Repository/Page_Enterprise Access Management/input_Password_password'

2019-01-07 16:40:44 - [MESSAGE][PASSED] - Text ****** has been set on object 'Object Repository/Page_Enterprise Access Management/input_Password_password'

2019-01-07 16:40:44 - [TEST_STEP][PASSED] - click(findTestObject("Object Repository/Page_Enterprise Access Management/input_Password_sbtn")): Object: 'Object Repository/Page_Enterprise Access Management/input_Password_sbtn' is clicked on

2019-01-07 16:40:49 - [MESSAGE][PASSED] - Object: 'Object Repository/Page_Enterprise Access Management/input_Password_sbtn' is clicked on

2019-01-07 16:40:49 - [TEST_STEP][PASSED] - waitForElementPresent(findTestObject("Object Repository/Page_APCS ApplicationUPS/a_Register Now"), 4, CONTINUE_ON_FAILURE): Object 'Object Repository/Page_APCS ApplicationUPS/a_Register Now' is present

2019-01-07 16:40:49 - [MESSAGE][PASSED] - Object 'Object Repository/Page_APCS ApplicationUPS/a_Register Now' is present

2019-01-07 16:40:49 - [TEST_STEP][PASSED] - click(findTestObject("Object Repository/Page_APCS ApplicationUPS/a_Register Now"), CONTINUE_ON_FAILURE): Object: 'Object Repository/Page_APCS ApplicationUPS/a_Register Now' is clicked on

2019-01-07 16:40:50 - [MESSAGE][PASSED] - Object: 'Object Repository/Page_APCS ApplicationUPS/a_Register Now' is clicked on

2019-01-07 16:40:50 - [TEST_STEP][PASSED] - setText(findTestObject("Object Repository/Page_APCS ApplicationUPS/input__shopName"), "ELiana Shop"): Text 'ELiana Shop' is set on object 'Object Repository/Page_APCS ApplicationUPS/input__shopName'

2019-01-07 16:41:22 - [MESSAGE][PASSED] - Text 'ELiana Shop' is set on object 'Object Repository/Page_APCS ApplicationUPS/input__shopName'

2019-01-07 16:41:22 - [TEST_STEP][PASSED] - setText(findTestObject("Object Repository/Page_APCS ApplicationUPS/input__address0.streetNumber"), "21 "): Text '21 ' is set on object 'Object Repository/Page_APCS ApplicationUPS/input__address0.streetNumber'

2019-01-07 16:41:23 - [MESSAGE][PASSED] - Text '21 ' is set on object 'Object Repository/Page_APCS ApplicationUPS/input__address0.streetNumber'

2019-01-07 16:41:23 - [TEST_STEP][PASSED] - setText(findTestObject("Object Repository/Page_APCS ApplicationUPS/input__address0.streetName"), "Henrietta ST"): Text 'Henrietta ST' is set on object 'Object Repository/Page_APCS ApplicationUPS/input__address0.streetName'

2019-01-07 16:41:24 - [MESSAGE][PASSED] - Text 'Henrietta ST' is set on object 'Object Repository/Page_APCS ApplicationUPS/input__address0.streetName'

2019-01-07 16:41:24 - [TEST_STEP][PASSED] - setText(findTestObject("Object Repository/Page_APCS ApplicationUPS/input__address0.postalCode"), "07026"): Text '07026' is set on object 'Object Repository/Page_APCS ApplicationUPS/input__address0.postalCode'

2019-01-07 16:41:25 - [MESSAGE][PASSED] - Text '07026' is set on object 'Object Repository/Page_APCS ApplicationUPS/input__address0.postalCode'

2019-01-07 16:41:25 - [TEST_STEP][PASSED] - setText(findTestObject("Object Repository/Page_APCS ApplicationUPS/input__address0.city"), "Garfield"): Text 'Garfield' is set on object 'Object Repository/Page_APCS ApplicationUPS/input__address0.city'

2019-01-07 16:41:25 - [MESSAGE][PASSED] - Text 'Garfield' is set on object 'Object Repository/Page_APCS ApplicationUPS/input__address0.city'

2019-01-07 16:41:25 - [TEST_STEP][PASSED] - selectOptionByValue(findTestObject("Object Repository/Page_APCS ApplicationUPS/select_- Select -AlabamaAlaska"), "_NJ", true): All options with value '_NJ' are selected in object 'Object Repository/Page_APCS ApplicationUPS/select_- Select -AlabamaAlaska'  using regular expression

2019-01-07 16:41:36 - [MESSAGE][PASSED] - All options with value '_NJ' are selected in object 'Object Repository/Page_APCS ApplicationUPS/select_- Select -AlabamaAlaska'  using regular expression

2019-01-07 16:41:36 - [TEST_STEP][PASSED] - selectOptionByValue(findTestObject("Object Repository/Page_APCS ApplicationUPS/select_- Select -AlterationsBa"), "511", true): All options with value '511' are selected in object 'Object Repository/Page_APCS ApplicationUPS/select_- Select -AlterationsBa'  using regular expression

2019-01-07 16:41:41 - [MESSAGE][PASSED] - All options with value '511' are selected in object 'Object Repository/Page_APCS ApplicationUPS/select_- Select -AlterationsBa'  using regular expression

2019-01-07 16:41:41 - [TEST_STEP][PASSED] - selectOptionByValue(findTestObject("Object Repository/Page_APCS ApplicationUPS/select_- Select -AlterationsBa"), "511", true): All options with value '511' are selected in object 'Object Repository/Page_APCS ApplicationUPS/select_- Select -AlterationsBa'  using regular expression

2019-01-07 16:41:45 - [MESSAGE][PASSED] - All options with value '511' are selected in object 'Object Repository/Page_APCS ApplicationUPS/select_- Select -AlterationsBa'  using regular expression

2019-01-07 16:41:45 - [TEST_STEP][PASSED] - selectOptionByValue(findTestObject("Object Repository/Page_APCS ApplicationUPS/select_- Select -AlterationsBa"), "512", true): All options with value '512' are selected in object 'Object Repository/Page_APCS ApplicationUPS/select_- Select -AlterationsBa'  using regular expression

2019-01-07 16:41:50 - [MESSAGE][PASSED] - All options with value '512' are selected in object 'Object Repository/Page_APCS ApplicationUPS/select_- Select -AlterationsBa'  using regular expression

2019-01-07 16:41:50 - [TEST_STEP][PASSED] - selectOptionByValue(findTestObject("Object Repository/Page_APCS ApplicationUPS/select_- Select -AlterationsBa"), "016", true): All options with value '016' are selected in object 'Object Repository/Page_APCS ApplicationUPS/select_- Select -AlterationsBa'  using regular expression

2019-01-07 16:41:54 - [MESSAGE][PASSED] - All options with value '016' are selected in object 'Object Repository/Page_APCS ApplicationUPS/select_- Select -AlterationsBa'  using regular expression

2019-01-07 16:41:54 - [TEST_STEP][PASSED] - selectOptionByValue(findTestObject("Object Repository/Page_APCS ApplicationUPS/select_- Select -PartnerAcquai"), "02", true): All options with value '02' are selected in object 'Object Repository/Page_APCS ApplicationUPS/select_- Select -PartnerAcquai'  using regular expression

2019-01-07 16:41:56 - [MESSAGE][PASSED] - All options with value '02' are selected in object 'Object Repository/Page_APCS ApplicationUPS/select_- Select -PartnerAcquai'  using regular expression

2019-01-07 16:41:56 - [TEST_STEP][PASSED] - click(findTestObject("Object Repository/Page_APCS ApplicationUPS/input__btnNoClose1")): Object: 'Object Repository/Page_APCS ApplicationUPS/input__btnNoClose1' is clicked on

2019-01-07 16:41:57 - [MESSAGE][PASSED] - Object: 'Object Repository/Page_APCS ApplicationUPS/input__btnNoClose1' is clicked on

2019-01-07 16:41:57 - [TEST_STEP][PASSED] - click(findTestObject("Object Repository/Page_APCS ApplicationUPS/input__btnokClose1")): Object: 'Object Repository/Page_APCS ApplicationUPS/input__btnokClose1' is clicked on

2019-01-07 16:41:58 - [MESSAGE][PASSED] - Object: 'Object Repository/Page_APCS ApplicationUPS/input__btnokClose1' is clicked on

2019-01-07 16:41:58 - [TEST_STEP][PASSED] - click(findTestObject("Object Repository/Page_APCS ApplicationUPS/input__btnNoClose1")): Object: 'Object Repository/Page_APCS ApplicationUPS/input__btnNoClose1' is clicked on

2019-01-07 16:41:59 - [MESSAGE][PASSED] - Object: 'Object Repository/Page_APCS ApplicationUPS/input__btnNoClose1' is clicked on

2019-01-07 16:41:59 - [TEST_STEP][PASSED] - setText(findTestObject("Object Repository/Page_APCS ApplicationUPS/input__contact0.firstName"), "Eliana"): Text 'Eliana' is set on object 'Object Repository/Page_APCS ApplicationUPS/input__contact0.firstName'

2019-01-07 16:42:00 - [MESSAGE][PASSED] - Text 'Eliana' is set on object 'Object Repository/Page_APCS ApplicationUPS/input__contact0.firstName'

2019-01-07 16:42:00 - [TEST_STEP][PASSED] - setText(findTestObject("Object Repository/Page_APCS ApplicationUPS/input__contact0.lastName"), "Cordova"): Text 'Cordova' is set on object 'Object Repository/Page_APCS ApplicationUPS/input__contact0.lastName'

2019-01-07 16:42:01 - [MESSAGE][PASSED] - Text 'Cordova' is set on object 'Object Repository/Page_APCS ApplicationUPS/input__contact0.lastName'

2019-01-07 16:42:01 - [TEST_STEP][PASSED] - setText(findTestObject("Object Repository/Page_APCS ApplicationUPS/input__contact0.phone"), "2018978898"): Text '2018978898' is set on object 'Object Repository/Page_APCS ApplicationUPS/input__contact0.phone'

2019-01-07 16:42:02 - [MESSAGE][PASSED] - Text '2018978898' is set on object 'Object Repository/Page_APCS ApplicationUPS/input__contact0.phone'

2019-01-07 16:42:02 - [TEST_STEP][PASSED] - setText(findTestObject("Object Repository/Page_APCS ApplicationUPS/input__contact0.email"), "ecordova@ups.com"): Text 'ecordova@ups.com' is set on object 'Object Repository/Page_APCS ApplicationUPS/input__contact0.email'

2019-01-07 16:42:03 - [MESSAGE][PASSED] - Text 'ecordova@ups.com' is set on object 'Object Repository/Page_APCS ApplicationUPS/input__contact0.email'

2019-01-07 16:42:03 - [TEST_STEP][PASSED] - click(findTestObject("Object Repository/Page_APCS ApplicationUPS/input_Is the shop open 24 hour_2")): Object: 'Object Repository/Page_APCS ApplicationUPS/input_Is the shop open 24 hour_2' is clicked on

2019-01-07 16:42:04 - [MESSAGE][PASSED] - Object: 'Object Repository/Page_APCS ApplicationUPS/input_Is the shop open 24 hour_2' is clicked on

2019-01-07 16:42:04 - [TEST_STEP][PASSED] - click(findTestObject("Object Repository/Page_APCS ApplicationUPS/input_Cancel_myButton")): Object: 'Object Repository/Page_APCS ApplicationUPS/input_Cancel_myButton' is clicked on

2019-01-07 16:42:10 - [MESSAGE][PASSED] - Object: 'Object Repository/Page_APCS ApplicationUPS/input_Cancel_myButton' is clicked on

2019-01-07 16:42:10 - [TEST_STEP][PASSED] - click(findTestObject("Object Repository/Page_APCS ApplicationUPS/span_Cordova Elvis")): Object: 'Object Repository/Page_APCS ApplicationUPS/span_Cordova Elvis' is clicked on

2019-01-07 16:42:12 - [MESSAGE][PASSED] - Object: 'Object Repository/Page_APCS ApplicationUPS/span_Cordova Elvis' is clicked on

2019-01-07 16:42:12 - [TEST_STEP][PASSED] - waitForElementPresent(findTestObject("Page_APCS ApplicationUPS/a_Log out"), 1): Object 'Object Repository/Page_APCS ApplicationUPS/a_Log out' is present

2019-01-07 16:42:12 - [MESSAGE][PASSED] - Object 'Object Repository/Page_APCS ApplicationUPS/a_Log out' is present

2019-01-07 16:42:12 - [TEST_STEP][FAILED] - click(findTestObject("Object Repository/Page_APCS ApplicationUPS/a_Log out")): click(findTestObject("Object Repository/Page_APCS ApplicationUPS/a_Log out")) FAILED.
Reason:
com.kms.katalon.core.exception.StepFailedException: Unable to click on object 'Object Repository/Page_APCS ApplicationUPS/a_Log out' (Root cause: org.openqa.selenium.ElementNotInteractableException: Cannot click on element
Build info: version: '3.7.1', revision: '8a0099a', time: '2017-11-06T21:07:36.161Z'
System info: host: 'WKSP000926FD', ip: '10.246.106.118', os.name: 'Windows 10', os.arch: 'amd64', os.version: '10.0', java.version: '1.8.0_181'
Driver info: com.kms.katalon.selenium.driver.CInternetExplorerDriver
Capabilities {acceptInsecureCerts: false, browserName: internet explorer, browserVersion: 11, javascriptEnabled: true, pageLoadStrategy: normal, platform: WINDOWS, platformName: WINDOWS, se:ieOptions: {browserAttachTimeout: 0, elementScrollBehavior: 0, enablePersistentHover: true, ie.browserCommandLineSwitches: , ie.ensureCleanSession: false, ie.fileUploadDialogTimeout: 3000, ie.forceCreateProcessApi: false, ignoreProtectedModeSettings: false, ignoreZoomSetting: false, initialBrowserUrl: http://localhost:37431/, nativeEvents: true, requireWindowFocus: false}, setWindowRect: true}
Session ID: 4b5b7835-159b-4798-a563-4f81e7c42166)
	at com.kms.katalon.core.keyword.internal.KeywordMain.stepFailed(KeywordMain.groovy:36)
	at com.kms.katalon.core.webui.keyword.internal.WebUIKeywordMain.stepFailed(WebUIKeywordMain.groovy:65)
	at com.kms.katalon.core.webui.keyword.internal.WebUIKeywordMain.runKeyword(WebUIKeywordMain.groovy:27)
	at com.kms.katalon.core.webui.keyword.builtin.ClickKeyword.click(ClickKeyword.groovy:86)
	at com.kms.katalon.core.webui.keyword.builtin.ClickKeyword.execute(ClickKeyword.groovy:67)
	at com.kms.katalon.core.keyword.internal.KeywordExecutor.executeKeywordForPlatform(KeywordExecutor.groovy:53)
	at com.kms.katalon.core.webui.keyword.WebUiBuiltInKeywords.click(WebUiBuiltInKeywords.groovy:616)
	at com.kms.katalon.core.webui.keyword.WebUiBuiltInKeywords$click$3.call(Unknown Source)
	at APCS.run(APCS:80)
	at com.kms.katalon.core.main.ScriptEngine.run(ScriptEngine.java:194)
	at com.kms.katalon.core.main.ScriptEngine.runScriptAsRawText(ScriptEngine.java:119)
	at com.kms.katalon.core.main.TestCaseExecutor.runScript(TestCaseExecutor.java:328)
	at com.kms.katalon.core.main.TestCaseExecutor.doExecute(TestCaseExecutor.java:319)
	at com.kms.katalon.core.main.TestCaseExecutor.processExecutionPhase(TestCaseExecutor.java:298)
	at com.kms.katalon.core.main.TestCaseExecutor.accessMainPhase(TestCaseExecutor.java:290)
	at com.kms.katalon.core.main.TestCaseExecutor.execute(TestCaseExecutor.java:224)
	at com.kms.katalon.core.main.TestSuiteExecutor.accessTestCaseMainPhase(TestSuiteExecutor.java:129)
	at com.kms.katalon.core.main.TestSuiteExecutor.accessTestSuiteMainPhase(TestSuiteExecutor.java:112)
	at com.kms.katalon.core.main.TestSuiteExecutor.execute(TestSuiteExecutor.java:81)
	at com.kms.katalon.core.main.TestCaseMain.startTestSuite(TestCaseMain.java:149)
	at com.kms.katalon.core.main.TestCaseMain$startTestSuite$0.call(Unknown Source)
	at TempTestSuite1546897225081.run(TempTestSuite1546897225081.groovy:36)


2019-01-07 16:42:13 - [MESSAGE][FAILED] - Unable to click on object 'Object Repository/Page_APCS ApplicationUPS/a_Log out' (Root cause: org.openqa.selenium.ElementNotInteractableException: Cannot click on element
Build info: version: '3.7.1', revision: '8a0099a', time: '2017-11-06T21:07:36.161Z'
System info: host: 'WKSP000926FD', ip: '10.246.106.118', os.name: 'Windows 10', os.arch: 'amd64', os.version: '10.0', java.version: '1.8.0_181'
Driver info: com.kms.katalon.selenium.driver.CInternetExplorerDriver
Capabilities {acceptInsecureCerts: false, browserName: internet explorer, browserVersion: 11, javascriptEnabled: true, pageLoadStrategy: normal, platform: WINDOWS, platformName: WINDOWS, se:ieOptions: {browserAttachTimeout: 0, elementScrollBehavior: 0, enablePersistentHover: true, ie.browserCommandLineSwitches: , ie.ensureCleanSession: false, ie.fileUploadDialogTimeout: 3000, ie.forceCreateProcessApi: false, ignoreProtectedModeSettings: false, ignoreZoomSetting: false, initialBrowserUrl: http://localhost:37431/, nativeEvents: true, requireWindowFocus: false}, setWindowRect: true}
Session ID: 4b5b7835-159b-4798-a563-4f81e7c42166)
[[ATTACHMENT|C:\\Users\\fgl8tbp\\Katalon Studio\\scenario\\Reports\\APCS_TEST\\20190107_164025\\1546897333004.png]]

2019-01-07 16:42:13 - [MESSAGE][FAILED] - click(findTestObject("Object Repository/Page_APCS ApplicationUPS/a_Log out")) FAILED.
Reason:
com.kms.katalon.core.exception.StepFailedException: Unable to click on object 'Object Repository/Page_APCS ApplicationUPS/a_Log out' (Root cause: org.openqa.selenium.ElementNotInteractableException: Cannot click on element
Build info: version: '3.7.1', revision: '8a0099a', time: '2017-11-06T21:07:36.161Z'
System info: host: 'WKSP000926FD', ip: '10.246.106.118', os.name: 'Windows 10', os.arch: 'amd64', os.version: '10.0', java.version: '1.8.0_181'
Driver info: com.kms.katalon.selenium.driver.CInternetExplorerDriver
Capabilities {acceptInsecureCerts: false, browserName: internet explorer, browserVersion: 11, javascriptEnabled: true, pageLoadStrategy: normal, platform: WINDOWS, platformName: WINDOWS, se:ieOptions: {browserAttachTimeout: 0, elementScrollBehavior: 0, enablePersistentHover: true, ie.browserCommandLineSwitches: , ie.ensureCleanSession: false, ie.fileUploadDialogTimeout: 3000, ie.forceCreateProcessApi: false, ignoreProtectedModeSettings: false, ignoreZoomSetting: false, initialBrowserUrl: http://localhost:37431/, nativeEvents: true, requireWindowFocus: false}, setWindowRect: true}
Session ID: 4b5b7835-159b-4798-a563-4f81e7c42166)
	at com.kms.katalon.core.keyword.internal.KeywordMain.stepFailed(KeywordMain.groovy:36)
	at com.kms.katalon.core.webui.keyword.internal.WebUIKeywordMain.stepFailed(WebUIKeywordMain.groovy:65)
	at com.kms.katalon.core.webui.keyword.internal.WebUIKeywordMain.runKeyword(WebUIKeywordMain.groovy:27)
	at com.kms.katalon.core.webui.keyword.builtin.ClickKeyword.click(ClickKeyword.groovy:86)
	at com.kms.katalon.core.webui.keyword.builtin.ClickKeyword.execute(ClickKeyword.groovy:67)
	at com.kms.katalon.core.keyword.internal.KeywordExecutor.executeKeywordForPlatform(KeywordExecutor.groovy:53)
	at com.kms.katalon.core.webui.keyword.WebUiBuiltInKeywords.click(WebUiBuiltInKeywords.groovy:616)
	at com.kms.katalon.core.webui.keyword.WebUiBuiltInKeywords$click$3.call(Unknown Source)
	at APCS.run(APCS:80)
	at com.kms.katalon.core.main.ScriptEngine.run(ScriptEngine.java:194)
	at com.kms.katalon.core.main.ScriptEngine.runScriptAsRawText(ScriptEngine.java:119)
	at com.kms.katalon.core.main.TestCaseExecutor.runScript(TestCaseExecutor.java:328)
	at com.kms.katalon.core.main.TestCaseExecutor.doExecute(TestCaseExecutor.java:319)
	at com.kms.katalon.core.main.TestCaseExecutor.processExecutionPhase(TestCaseExecutor.java:298)
	at com.kms.katalon.core.main.TestCaseExecutor.accessMainPhase(TestCaseExecutor.java:290)
	at com.kms.katalon.core.main.TestCaseExecutor.execute(TestCaseExecutor.java:224)
	at com.kms.katalon.core.main.TestSuiteExecutor.accessTestCaseMainPhase(TestSuiteExecutor.java:129)
	at com.kms.katalon.core.main.TestSuiteExecutor.accessTestSuiteMainPhase(TestSuiteExecutor.java:112)
	at com.kms.katalon.core.main.TestSuiteExecutor.execute(TestSuiteExecutor.java:81)
	at com.kms.katalon.core.main.TestCaseMain.startTestSuite(TestCaseMain.java:149)
	at com.kms.katalon.core.main.TestCaseMain$startTestSuite$0.call(Unknown Source)
	at TempTestSuite1546897225081.run(TempTestSuite1546897225081.groovy:36)]]></system-out>
         <system-err><![CDATA[2019-01-07 16:40:32 - [TEST_CASE][FAILED] - Test Cases/APCS: Test Cases/APCS FAILED.
Reason:
com.kms.katalon.core.exception.StepFailedException: Unable to click on object 'Object Repository/Page_APCS ApplicationUPS/a_Log out' (Root cause: org.openqa.selenium.ElementNotInteractableException: Cannot click on element
Build info: version: '3.7.1', revision: '8a0099a', time: '2017-11-06T21:07:36.161Z'
System info: host: 'WKSP000926FD', ip: '10.246.106.118', os.name: 'Windows 10', os.arch: 'amd64', os.version: '10.0', java.version: '1.8.0_181'
Driver info: com.kms.katalon.selenium.driver.CInternetExplorerDriver
Capabilities {acceptInsecureCerts: false, browserName: internet explorer, browserVersion: 11, javascriptEnabled: true, pageLoadStrategy: normal, platform: WINDOWS, platformName: WINDOWS, se:ieOptions: {browserAttachTimeout: 0, elementScrollBehavior: 0, enablePersistentHover: true, ie.browserCommandLineSwitches: , ie.ensureCleanSession: false, ie.fileUploadDialogTimeout: 3000, ie.forceCreateProcessApi: false, ignoreProtectedModeSettings: false, ignoreZoomSetting: false, initialBrowserUrl: http://localhost:37431/, nativeEvents: true, requireWindowFocus: false}, setWindowRect: true}
Session ID: 4b5b7835-159b-4798-a563-4f81e7c42166)
	at com.kms.katalon.core.keyword.internal.KeywordMain.stepFailed(KeywordMain.groovy:36)
	at com.kms.katalon.core.webui.keyword.internal.WebUIKeywordMain.stepFailed(WebUIKeywordMain.groovy:65)
	at com.kms.katalon.core.webui.keyword.internal.WebUIKeywordMain.runKeyword(WebUIKeywordMain.groovy:27)
	at com.kms.katalon.core.webui.keyword.builtin.ClickKeyword.click(ClickKeyword.groovy:86)
	at com.kms.katalon.core.webui.keyword.builtin.ClickKeyword.execute(ClickKeyword.groovy:67)
	at com.kms.katalon.core.keyword.internal.KeywordExecutor.executeKeywordForPlatform(KeywordExecutor.groovy:53)
	at com.kms.katalon.core.webui.keyword.WebUiBuiltInKeywords.click(WebUiBuiltInKeywords.groovy:616)
	at com.kms.katalon.core.webui.keyword.WebUiBuiltInKeywords$click$3.call(Unknown Source)
	at APCS.run(APCS:80)
	at com.kms.katalon.core.main.ScriptEngine.run(ScriptEngine.java:194)
	at com.kms.katalon.core.main.ScriptEngine.runScriptAsRawText(ScriptEngine.java:119)
	at com.kms.katalon.core.main.TestCaseExecutor.runScript(TestCaseExecutor.java:328)
	at com.kms.katalon.core.main.TestCaseExecutor.doExecute(TestCaseExecutor.java:319)
	at com.kms.katalon.core.main.TestCaseExecutor.processExecutionPhase(TestCaseExecutor.java:298)
	at com.kms.katalon.core.main.TestCaseExecutor.accessMainPhase(TestCaseExecutor.java:290)
	at com.kms.katalon.core.main.TestCaseExecutor.execute(TestCaseExecutor.java:224)
	at com.kms.katalon.core.main.TestSuiteExecutor.accessTestCaseMainPhase(TestSuiteExecutor.java:129)
	at com.kms.katalon.core.main.TestSuiteExecutor.accessTestSuiteMainPhase(TestSuiteExecutor.java:112)
	at com.kms.katalon.core.main.TestSuiteExecutor.execute(TestSuiteExecutor.java:81)
	at com.kms.katalon.core.main.TestCaseMain.startTestSuite(TestCaseMain.java:149)
	at com.kms.katalon.core.main.TestCaseMain$startTestSuite$0.call(Unknown Source)
	at TempTestSuite1546897225081.run(TempTestSuite1546897225081.groovy:36)]]></system-err>
      </testcase>
      <system-out><![CDATA[2019-01-07 16:40:31 - [TEST_SUITE][FAILED] - APCS_TEST: Test Cases/APCS FAILED.
Reason:
com.kms.katalon.core.exception.StepFailedException: Unable to click on object 'Object Repository/Page_APCS ApplicationUPS/a_Log out' (Root cause: org.openqa.selenium.ElementNotInteractableException: Cannot click on element
Build info: version: '3.7.1', revision: '8a0099a', time: '2017-11-06T21:07:36.161Z'
System info: host: 'WKSP000926FD', ip: '10.246.106.118', os.name: 'Windows 10', os.arch: 'amd64', os.version: '10.0', java.version: '1.8.0_181'
Driver info: com.kms.katalon.selenium.driver.CInternetExplorerDriver
Capabilities {acceptInsecureCerts: false, browserName: internet explorer, browserVersion: 11, javascriptEnabled: true, pageLoadStrategy: normal, platform: WINDOWS, platformName: WINDOWS, se:ieOptions: {browserAttachTimeout: 0, elementScrollBehavior: 0, enablePersistentHover: true, ie.browserCommandLineSwitches: , ie.ensureCleanSession: false, ie.fileUploadDialogTimeout: 3000, ie.forceCreateProcessApi: false, ignoreProtectedModeSettings: false, ignoreZoomSetting: false, initialBrowserUrl: http://localhost:37431/, nativeEvents: true, requireWindowFocus: false}, setWindowRect: true}
Session ID: 4b5b7835-159b-4798-a563-4f81e7c42166)
	at com.kms.katalon.core.keyword.internal.KeywordMain.stepFailed(KeywordMain.groovy:36)
	at com.kms.katalon.core.webui.keyword.internal.WebUIKeywordMain.stepFailed(WebUIKeywordMain.groovy:65)
	at com.kms.katalon.core.webui.keyword.internal.WebUIKeywordMain.runKeyword(WebUIKeywordMain.groovy:27)
	at com.kms.katalon.core.webui.keyword.builtin.ClickKeyword.click(ClickKeyword.groovy:86)
	at com.kms.katalon.core.webui.keyword.builtin.ClickKeyword.execute(ClickKeyword.groovy:67)
	at com.kms.katalon.core.keyword.internal.KeywordExecutor.executeKeywordForPlatform(KeywordExecutor.groovy:53)
	at com.kms.katalon.core.webui.keyword.WebUiBuiltInKeywords.click(WebUiBuiltInKeywords.groovy:616)
	at com.kms.katalon.core.webui.keyword.WebUiBuiltInKeywords$click$3.call(Unknown Source)
	at APCS.run(APCS:80)
	at com.kms.katalon.core.main.ScriptEngine.run(ScriptEngine.java:194)
	at com.kms.katalon.core.main.ScriptEngine.runScriptAsRawText(ScriptEngine.java:119)
	at com.kms.katalon.core.main.TestCaseExecutor.runScript(TestCaseExecutor.java:328)
	at com.kms.katalon.core.main.TestCaseExecutor.doExecute(TestCaseExecutor.java:319)
	at com.kms.katalon.core.main.TestCaseExecutor.processExecutionPhase(TestCaseExecutor.java:298)
	at com.kms.katalon.core.main.TestCaseExecutor.accessMainPhase(TestCaseExecutor.java:290)
	at com.kms.katalon.core.main.TestCaseExecutor.execute(TestCaseExecutor.java:224)
	at com.kms.katalon.core.main.TestSuiteExecutor.accessTestCaseMainPhase(TestSuiteExecutor.java:129)
	at com.kms.katalon.core.main.TestSuiteExecutor.accessTestSuiteMainPhase(TestSuiteExecutor.java:112)
	at com.kms.katalon.core.main.TestSuiteExecutor.execute(TestSuiteExecutor.java:81)
	at com.kms.katalon.core.main.TestCaseMain.startTestSuite(TestCaseMain.java:149)
	at com.kms.katalon.core.main.TestCaseMain$startTestSuite$0.call(Unknown Source)
	at TempTestSuite1546897225081.run(TempTestSuite1546897225081.groovy:36)]]></system-out>
      <system-err><![CDATA[2019-01-07 16:40:31 - [TEST_SUITE][FAILED] - APCS_TEST: Test Cases/APCS FAILED.
Reason:
com.kms.katalon.core.exception.StepFailedException: Unable to click on object 'Object Repository/Page_APCS ApplicationUPS/a_Log out' (Root cause: org.openqa.selenium.ElementNotInteractableException: Cannot click on element
Build info: version: '3.7.1', revision: '8a0099a', time: '2017-11-06T21:07:36.161Z'
System info: host: 'WKSP000926FD', ip: '10.246.106.118', os.name: 'Windows 10', os.arch: 'amd64', os.version: '10.0', java.version: '1.8.0_181'
Driver info: com.kms.katalon.selenium.driver.CInternetExplorerDriver
Capabilities {acceptInsecureCerts: false, browserName: internet explorer, browserVersion: 11, javascriptEnabled: true, pageLoadStrategy: normal, platform: WINDOWS, platformName: WINDOWS, se:ieOptions: {browserAttachTimeout: 0, elementScrollBehavior: 0, enablePersistentHover: true, ie.browserCommandLineSwitches: , ie.ensureCleanSession: false, ie.fileUploadDialogTimeout: 3000, ie.forceCreateProcessApi: false, ignoreProtectedModeSettings: false, ignoreZoomSetting: false, initialBrowserUrl: http://localhost:37431/, nativeEvents: true, requireWindowFocus: false}, setWindowRect: true}
Session ID: 4b5b7835-159b-4798-a563-4f81e7c42166)
	at com.kms.katalon.core.keyword.internal.KeywordMain.stepFailed(KeywordMain.groovy:36)
	at com.kms.katalon.core.webui.keyword.internal.WebUIKeywordMain.stepFailed(WebUIKeywordMain.groovy:65)
	at com.kms.katalon.core.webui.keyword.internal.WebUIKeywordMain.runKeyword(WebUIKeywordMain.groovy:27)
	at com.kms.katalon.core.webui.keyword.builtin.ClickKeyword.click(ClickKeyword.groovy:86)
	at com.kms.katalon.core.webui.keyword.builtin.ClickKeyword.execute(ClickKeyword.groovy:67)
	at com.kms.katalon.core.keyword.internal.KeywordExecutor.executeKeywordForPlatform(KeywordExecutor.groovy:53)
	at com.kms.katalon.core.webui.keyword.WebUiBuiltInKeywords.click(WebUiBuiltInKeywords.groovy:616)
	at com.kms.katalon.core.webui.keyword.WebUiBuiltInKeywords$click$3.call(Unknown Source)
	at APCS.run(APCS:80)
	at com.kms.katalon.core.main.ScriptEngine.run(ScriptEngine.java:194)
	at com.kms.katalon.core.main.ScriptEngine.runScriptAsRawText(ScriptEngine.java:119)
	at com.kms.katalon.core.main.TestCaseExecutor.runScript(TestCaseExecutor.java:328)
	at com.kms.katalon.core.main.TestCaseExecutor.doExecute(TestCaseExecutor.java:319)
	at com.kms.katalon.core.main.TestCaseExecutor.processExecutionPhase(TestCaseExecutor.java:298)
	at com.kms.katalon.core.main.TestCaseExecutor.accessMainPhase(TestCaseExecutor.java:290)
	at com.kms.katalon.core.main.TestCaseExecutor.execute(TestCaseExecutor.java:224)
	at com.kms.katalon.core.main.TestSuiteExecutor.accessTestCaseMainPhase(TestSuiteExecutor.java:129)
	at com.kms.katalon.core.main.TestSuiteExecutor.accessTestSuiteMainPhase(TestSuiteExecutor.java:112)
	at com.kms.katalon.core.main.TestSuiteExecutor.execute(TestSuiteExecutor.java:81)
	at com.kms.katalon.core.main.TestCaseMain.startTestSuite(TestCaseMain.java:149)
	at com.kms.katalon.core.main.TestCaseMain$startTestSuite$0.call(Unknown Source)
	at TempTestSuite1546897225081.run(TempTestSuite1546897225081.groovy:36)]]></system-err>
   </testsuite>
</testsuites>
