<?xml version="1.0" encoding="UTF-8"?>
<testsuites name="APCS_TEST" time="79" tests="0" failures="1" errors="0">
   <testsuite name="APCS_TEST" tests="0" failures="1" errors="0" time="79" timestamp="2019-01-07 17:39:47" hostname="fgl8tbp - WKSP000926FD.us.ups.com" id="Test Suites/APCS_TEST">
      <properties>
         <property name="deviceName" value=""/>
         <property name="devicePlatform" value=""/>
         <property name="logFolder" value="C:\\Users\\fgl8tbp\\Katalon Studio\\scenario\\Reports\\APCS_TEST\\20190107_173944"/>
         <property name="logFiles" value="C:\\Users\\fgl8tbp\\Katalon Studio\\scenario\\Reports\\APCS_TEST\\20190107_173944\\execution0.log, C:\\Users\\fgl8tbp\\Katalon Studio\\scenario\\Reports\\APCS_TEST\\20190107_173944\\IEDriverServer.log"/>
         <property name="attachments" value="C:\\Users\\fgl8tbp\\Katalon Studio\\scenario\\Reports\\APCS_TEST\\20190107_173944\\1546900866901.png, C:\\Users\\fgl8tbp\\Katalon Studio\\scenario\\Reports\\APCS_TEST\\20190107_173944\\1546900866994.png"/>
         <property name="hostName" value="fgl8tbp - WKSP000926FD.us.ups.com"/>
         <property name="os" value="Windows 10 64bit"/>
         <property name="katalonVersion" value="5.10.1.1"/>
         <property name="browser" value="IE 11"/>
         <property name="hostAddress" value="10.246.106.118"/>
         <property name="sessionId" value="c29dc58b-f8e8-4a28-9198-0146fed295cb"/>
         <property name="seleniumVersion" value="3.7.1"/>
         <property name="proxyInformation" value="ProxyInformation{proxyOption=NO_PROXY, proxyServerType=HTTP, password=, proxyServerAddress=, proxyServerPort=0}"/>
         <property name="platform" value="Windows 10"/>
      </properties>
      <testcase name="Test Cases/APCS" classname="Test Cases/APCS" status="FAILED">
         <failure type="FAILED" message="Test Cases/APCS FAILED.
Reason:
com.kms.katalon.core.exception.StepFailedException: Unable to verify object 'Object Repository/Page_APCS ApplicationUPS/a_Log out' is visible (Root cause: com.kms.katalon.core.exception.StepFailedException: Object 'Object Repository/Page_APCS ApplicationUPS/a_Log out' is NOT visible)
	at com.kms.katalon.core.keyword.internal.KeywordMain.stepFailed(KeywordMain.groovy:36)
	at com.kms.katalon.core.webui.keyword.internal.WebUIKeywordMain.stepFailed(WebUIKeywordMain.groovy:65)
	at com.kms.katalon.core.webui.keyword.internal.WebUIKeywordMain.runKeyword(WebUIKeywordMain.groovy:27)
	at com.kms.katalon.core.webui.keyword.builtin.VerifyElementVisibleKeyword.verifyElementVisible(VerifyElementVisibleKeyword.groovy:97)
	at com.kms.katalon.core.webui.keyword.builtin.VerifyElementVisibleKeyword.execute(VerifyElementVisibleKeyword.groovy:67)
	at com.kms.katalon.core.keyword.internal.KeywordExecutor.executeKeywordForPlatform(KeywordExecutor.groovy:53)
	at com.kms.katalon.core.webui.keyword.WebUiBuiltInKeywords.verifyElementVisible(WebUiBuiltInKeywords.groovy:372)
	at com.kms.katalon.core.webui.keyword.WebUiBuiltInKeywords$verifyElementVisible$8.call(Unknown Source)
	at APCS.run(APCS:80)
	at com.kms.katalon.core.main.ScriptEngine.run(ScriptEngine.java:194)
	at com.kms.katalon.core.main.ScriptEngine.runScriptAsRawText(ScriptEngine.java:119)
	at com.kms.katalon.core.main.TestCaseExecutor.runScript(TestCaseExecutor.java:328)
	at com.kms.katalon.core.main.TestCaseExecutor.doExecute(TestCaseExecutor.java:319)
	at com.kms.katalon.core.main.TestCaseExecutor.processExecutionPhase(TestCaseExecutor.java:298)
	at com.kms.katalon.core.main.TestCaseExecutor.accessMainPhase(TestCaseExecutor.java:290)
	at com.kms.katalon.core.main.TestCaseExecutor.execute(TestCaseExecutor.java:224)
	at com.kms.katalon.core.main.TestSuiteExecutor.accessTestCaseMainPhase(TestSuiteExecutor.java:129)
	at com.kms.katalon.core.main.TestSuiteExecutor.accessTestSuiteMainPhase(TestSuiteExecutor.java:112)
	at com.kms.katalon.core.main.TestSuiteExecutor.execute(TestSuiteExecutor.java:81)
	at com.kms.katalon.core.main.TestCaseMain.startTestSuite(TestCaseMain.java:149)
	at com.kms.katalon.core.main.TestCaseMain$startTestSuite$0.call(Unknown Source)
	at TempTestSuite1546900784529.run(TempTestSuite1546900784529.groovy:36)
"/>
         <system-out><![CDATA[2019-01-07 17:39:48 - [TEST_CASE][FAILED] - Test Cases/APCS: Test Cases/APCS FAILED.
Reason:
com.kms.katalon.core.exception.StepFailedException: Unable to verify object 'Object Repository/Page_APCS ApplicationUPS/a_Log out' is visible (Root cause: com.kms.katalon.core.exception.StepFailedException: Object 'Object Repository/Page_APCS ApplicationUPS/a_Log out' is NOT visible)
	at com.kms.katalon.core.keyword.internal.KeywordMain.stepFailed(KeywordMain.groovy:36)
	at com.kms.katalon.core.webui.keyword.internal.WebUIKeywordMain.stepFailed(WebUIKeywordMain.groovy:65)
	at com.kms.katalon.core.webui.keyword.internal.WebUIKeywordMain.runKeyword(WebUIKeywordMain.groovy:27)
	at com.kms.katalon.core.webui.keyword.builtin.VerifyElementVisibleKeyword.verifyElementVisible(VerifyElementVisibleKeyword.groovy:97)
	at com.kms.katalon.core.webui.keyword.builtin.VerifyElementVisibleKeyword.execute(VerifyElementVisibleKeyword.groovy:67)
	at com.kms.katalon.core.keyword.internal.KeywordExecutor.executeKeywordForPlatform(KeywordExecutor.groovy:53)
	at com.kms.katalon.core.webui.keyword.WebUiBuiltInKeywords.verifyElementVisible(WebUiBuiltInKeywords.groovy:372)
	at com.kms.katalon.core.webui.keyword.WebUiBuiltInKeywords$verifyElementVisible$8.call(Unknown Source)
	at APCS.run(APCS:80)
	at com.kms.katalon.core.main.ScriptEngine.run(ScriptEngine.java:194)
	at com.kms.katalon.core.main.ScriptEngine.runScriptAsRawText(ScriptEngine.java:119)
	at com.kms.katalon.core.main.TestCaseExecutor.runScript(TestCaseExecutor.java:328)
	at com.kms.katalon.core.main.TestCaseExecutor.doExecute(TestCaseExecutor.java:319)
	at com.kms.katalon.core.main.TestCaseExecutor.processExecutionPhase(TestCaseExecutor.java:298)
	at com.kms.katalon.core.main.TestCaseExecutor.accessMainPhase(TestCaseExecutor.java:290)
	at com.kms.katalon.core.main.TestCaseExecutor.execute(TestCaseExecutor.java:224)
	at com.kms.katalon.core.main.TestSuiteExecutor.accessTestCaseMainPhase(TestSuiteExecutor.java:129)
	at com.kms.katalon.core.main.TestSuiteExecutor.accessTestSuiteMainPhase(TestSuiteExecutor.java:112)
	at com.kms.katalon.core.main.TestSuiteExecutor.execute(TestSuiteExecutor.java:81)
	at com.kms.katalon.core.main.TestCaseMain.startTestSuite(TestCaseMain.java:149)
	at com.kms.katalon.core.main.TestCaseMain$startTestSuite$0.call(Unknown Source)
	at TempTestSuite1546900784529.run(TempTestSuite1546900784529.groovy:36)


2019-01-07 17:39:49 - [TEST_STEP][PASSED] - openBrowser(""): Browser is opened with url: ''

2019-01-07 17:39:50 - [MESSAGE][INFO] - Starting 'IE' driver

2019-01-07 17:39:50 - [MESSAGE][INFO] - Action delay is set to 0 seconds

2019-01-07 17:39:55 - [MESSAGE][PASSED] - Browser is opened with url: ''

2019-01-07 17:39:55 - [TEST_STEP][PASSED] - navigateToUrl("https://apcs.ams1907.com/apcs/registration.do"): Navigate to 'https://apcs.ams1907.com/apcs/registration.do' successfully

2019-01-07 17:39:55 - [MESSAGE][PASSED] - Navigate to 'https://apcs.ams1907.com/apcs/registration.do' successfully

2019-01-07 17:39:55 - [TEST_STEP][PASSED] - setText(findTestObject("Object Repository/Page_Enterprise Access Management/input_User ID_user"), "fgl8tbp"): Text 'fgl8tbp' is set on object 'Object Repository/Page_Enterprise Access Management/input_User ID_user'

2019-01-07 17:39:56 - [MESSAGE][PASSED] - Text 'fgl8tbp' is set on object 'Object Repository/Page_Enterprise Access Management/input_User ID_user'

2019-01-07 17:39:56 - [TEST_STEP][PASSED] - setEncryptedText(findTestObject("Object Repository/Page_Enterprise Access Management/input_Password_password"), "oAR5EV3bLF6Zw+XSIEVvwg=="): Text ****** has been set on object 'Object Repository/Page_Enterprise Access Management/input_Password_password'

2019-01-07 17:39:57 - [MESSAGE][PASSED] - Text ****** has been set on object 'Object Repository/Page_Enterprise Access Management/input_Password_password'

2019-01-07 17:39:57 - [TEST_STEP][PASSED] - click(findTestObject("Object Repository/Page_Enterprise Access Management/input_Password_sbtn")): Object: 'Object Repository/Page_Enterprise Access Management/input_Password_sbtn' is clicked on

2019-01-07 17:40:01 - [MESSAGE][PASSED] - Object: 'Object Repository/Page_Enterprise Access Management/input_Password_sbtn' is clicked on

2019-01-07 17:40:01 - [TEST_STEP][PASSED] - waitForElementPresent(findTestObject("Object Repository/Page_APCS ApplicationUPS/a_Register Now"), 3, CONTINUE_ON_FAILURE): Object 'Object Repository/Page_APCS ApplicationUPS/a_Register Now' is present

2019-01-07 17:40:01 - [MESSAGE][PASSED] - Object 'Object Repository/Page_APCS ApplicationUPS/a_Register Now' is present

2019-01-07 17:40:01 - [TEST_STEP][PASSED] - click(findTestObject("Object Repository/Page_APCS ApplicationUPS/a_Register Now"), CONTINUE_ON_FAILURE): Object: 'Object Repository/Page_APCS ApplicationUPS/a_Register Now' is clicked on

2019-01-07 17:40:02 - [MESSAGE][PASSED] - Object: 'Object Repository/Page_APCS ApplicationUPS/a_Register Now' is clicked on

2019-01-07 17:40:02 - [TEST_STEP][PASSED] - verifyElementPresent(findTestObject("Page_APCS ApplicationUPS/input__shopName"), 0): Object 'Object Repository/Page_APCS ApplicationUPS/input__shopName' is present

2019-01-07 17:40:02 - [MESSAGE][WARNING] - Timeout '0' is invalid. Using default page load timeout: '30'

2019-01-07 17:40:15 - [MESSAGE][PASSED] - Object 'Object Repository/Page_APCS ApplicationUPS/input__shopName' is present

2019-01-07 17:40:15 - [TEST_STEP][PASSED] - setText(findTestObject("Object Repository/Page_APCS ApplicationUPS/input__shopName"), "Eliana Shop"): Text 'Eliana Shop' is set on object 'Object Repository/Page_APCS ApplicationUPS/input__shopName'

2019-01-07 17:40:16 - [MESSAGE][PASSED] - Text 'Eliana Shop' is set on object 'Object Repository/Page_APCS ApplicationUPS/input__shopName'

2019-01-07 17:40:16 - [TEST_STEP][PASSED] - setText(findTestObject("Object Repository/Page_APCS ApplicationUPS/input__address0.streetNumber"), "21 "): Text '21 ' is set on object 'Object Repository/Page_APCS ApplicationUPS/input__address0.streetNumber'

2019-01-07 17:40:17 - [MESSAGE][PASSED] - Text '21 ' is set on object 'Object Repository/Page_APCS ApplicationUPS/input__address0.streetNumber'

2019-01-07 17:40:17 - [TEST_STEP][PASSED] - setText(findTestObject("Object Repository/Page_APCS ApplicationUPS/input__address0.streetName"), "Henrietta ST"): Text 'Henrietta ST' is set on object 'Object Repository/Page_APCS ApplicationUPS/input__address0.streetName'

2019-01-07 17:40:18 - [MESSAGE][PASSED] - Text 'Henrietta ST' is set on object 'Object Repository/Page_APCS ApplicationUPS/input__address0.streetName'

2019-01-07 17:40:18 - [TEST_STEP][PASSED] - setText(findTestObject("Object Repository/Page_APCS ApplicationUPS/input__address0.postalCode"), "07026"): Text '07026' is set on object 'Object Repository/Page_APCS ApplicationUPS/input__address0.postalCode'

2019-01-07 17:40:18 - [MESSAGE][PASSED] - Text '07026' is set on object 'Object Repository/Page_APCS ApplicationUPS/input__address0.postalCode'

2019-01-07 17:40:18 - [TEST_STEP][PASSED] - setText(findTestObject("Object Repository/Page_APCS ApplicationUPS/input__address0.city"), "Garfield"): Text 'Garfield' is set on object 'Object Repository/Page_APCS ApplicationUPS/input__address0.city'

2019-01-07 17:40:19 - [MESSAGE][PASSED] - Text 'Garfield' is set on object 'Object Repository/Page_APCS ApplicationUPS/input__address0.city'

2019-01-07 17:40:19 - [TEST_STEP][PASSED] - selectOptionByValue(findTestObject("Object Repository/Page_APCS ApplicationUPS/select_- Select -AlabamaAlaska"), "_NJ", true): All options with value '_NJ' are selected in object 'Object Repository/Page_APCS ApplicationUPS/select_- Select -AlabamaAlaska'  using regular expression

2019-01-07 17:40:29 - [MESSAGE][PASSED] - All options with value '_NJ' are selected in object 'Object Repository/Page_APCS ApplicationUPS/select_- Select -AlabamaAlaska'  using regular expression

2019-01-07 17:40:29 - [TEST_STEP][PASSED] - selectOptionByValue(findTestObject("Object Repository/Page_APCS ApplicationUPS/select_- Select -AlterationsBa"), "511", true): All options with value '511' are selected in object 'Object Repository/Page_APCS ApplicationUPS/select_- Select -AlterationsBa'  using regular expression

2019-01-07 17:40:35 - [MESSAGE][PASSED] - All options with value '511' are selected in object 'Object Repository/Page_APCS ApplicationUPS/select_- Select -AlterationsBa'  using regular expression

2019-01-07 17:40:35 - [TEST_STEP][PASSED] - selectOptionByValue(findTestObject("Object Repository/Page_APCS ApplicationUPS/select_- Select -AlterationsBa"), "511", true): All options with value '511' are selected in object 'Object Repository/Page_APCS ApplicationUPS/select_- Select -AlterationsBa'  using regular expression

2019-01-07 17:40:39 - [MESSAGE][PASSED] - All options with value '511' are selected in object 'Object Repository/Page_APCS ApplicationUPS/select_- Select -AlterationsBa'  using regular expression

2019-01-07 17:40:39 - [TEST_STEP][PASSED] - selectOptionByValue(findTestObject("Object Repository/Page_APCS ApplicationUPS/select_- Select -AlterationsBa"), "512", true): All options with value '512' are selected in object 'Object Repository/Page_APCS ApplicationUPS/select_- Select -AlterationsBa'  using regular expression

2019-01-07 17:40:44 - [MESSAGE][PASSED] - All options with value '512' are selected in object 'Object Repository/Page_APCS ApplicationUPS/select_- Select -AlterationsBa'  using regular expression

2019-01-07 17:40:44 - [TEST_STEP][PASSED] - selectOptionByValue(findTestObject("Object Repository/Page_APCS ApplicationUPS/select_- Select -AlterationsBa"), "016", true): All options with value '016' are selected in object 'Object Repository/Page_APCS ApplicationUPS/select_- Select -AlterationsBa'  using regular expression

2019-01-07 17:40:49 - [MESSAGE][PASSED] - All options with value '016' are selected in object 'Object Repository/Page_APCS ApplicationUPS/select_- Select -AlterationsBa'  using regular expression

2019-01-07 17:40:49 - [TEST_STEP][PASSED] - selectOptionByValue(findTestObject("Object Repository/Page_APCS ApplicationUPS/select_- Select -PartnerAcquai"), "02", true): All options with value '02' are selected in object 'Object Repository/Page_APCS ApplicationUPS/select_- Select -PartnerAcquai'  using regular expression

2019-01-07 17:40:51 - [MESSAGE][PASSED] - All options with value '02' are selected in object 'Object Repository/Page_APCS ApplicationUPS/select_- Select -PartnerAcquai'  using regular expression

2019-01-07 17:40:51 - [TEST_STEP][PASSED] - click(findTestObject("Object Repository/Page_APCS ApplicationUPS/input__btnNoClose1")): Object: 'Object Repository/Page_APCS ApplicationUPS/input__btnNoClose1' is clicked on

2019-01-07 17:40:52 - [MESSAGE][PASSED] - Object: 'Object Repository/Page_APCS ApplicationUPS/input__btnNoClose1' is clicked on

2019-01-07 17:40:52 - [TEST_STEP][PASSED] - click(findTestObject("Object Repository/Page_APCS ApplicationUPS/input__btnokClose1")): Object: 'Object Repository/Page_APCS ApplicationUPS/input__btnokClose1' is clicked on

2019-01-07 17:40:53 - [MESSAGE][PASSED] - Object: 'Object Repository/Page_APCS ApplicationUPS/input__btnokClose1' is clicked on

2019-01-07 17:40:53 - [TEST_STEP][PASSED] - click(findTestObject("Object Repository/Page_APCS ApplicationUPS/input__btnNoClose1")): Object: 'Object Repository/Page_APCS ApplicationUPS/input__btnNoClose1' is clicked on

2019-01-07 17:40:54 - [MESSAGE][PASSED] - Object: 'Object Repository/Page_APCS ApplicationUPS/input__btnNoClose1' is clicked on

2019-01-07 17:40:54 - [TEST_STEP][PASSED] - setText(findTestObject("Object Repository/Page_APCS ApplicationUPS/input__contact0.firstName"), "Eliana"): Text 'Eliana' is set on object 'Object Repository/Page_APCS ApplicationUPS/input__contact0.firstName'

2019-01-07 17:40:55 - [MESSAGE][PASSED] - Text 'Eliana' is set on object 'Object Repository/Page_APCS ApplicationUPS/input__contact0.firstName'

2019-01-07 17:40:55 - [TEST_STEP][PASSED] - setText(findTestObject("Object Repository/Page_APCS ApplicationUPS/input__contact0.lastName"), "Cordova"): Text 'Cordova' is set on object 'Object Repository/Page_APCS ApplicationUPS/input__contact0.lastName'

2019-01-07 17:40:56 - [MESSAGE][PASSED] - Text 'Cordova' is set on object 'Object Repository/Page_APCS ApplicationUPS/input__contact0.lastName'

2019-01-07 17:40:56 - [TEST_STEP][PASSED] - setText(findTestObject("Object Repository/Page_APCS ApplicationUPS/input__contact0.phone"), "2018978898"): Text '2018978898' is set on object 'Object Repository/Page_APCS ApplicationUPS/input__contact0.phone'

2019-01-07 17:40:57 - [MESSAGE][PASSED] - Text '2018978898' is set on object 'Object Repository/Page_APCS ApplicationUPS/input__contact0.phone'

2019-01-07 17:40:57 - [TEST_STEP][PASSED] - setText(findTestObject("Object Repository/Page_APCS ApplicationUPS/input__contact0.email"), "ecordova@ups.com"): Text 'ecordova@ups.com' is set on object 'Object Repository/Page_APCS ApplicationUPS/input__contact0.email'

2019-01-07 17:40:58 - [MESSAGE][PASSED] - Text 'ecordova@ups.com' is set on object 'Object Repository/Page_APCS ApplicationUPS/input__contact0.email'

2019-01-07 17:40:58 - [TEST_STEP][PASSED] - click(findTestObject("Object Repository/Page_APCS ApplicationUPS/input_Is the shop open 24 hour_2")): Object: 'Object Repository/Page_APCS ApplicationUPS/input_Is the shop open 24 hour_2' is clicked on

2019-01-07 17:40:59 - [MESSAGE][PASSED] - Object: 'Object Repository/Page_APCS ApplicationUPS/input_Is the shop open 24 hour_2' is clicked on

2019-01-07 17:40:59 - [TEST_STEP][PASSED] - click(findTestObject("Object Repository/Page_APCS ApplicationUPS/input_Cancel_myButton")): Object: 'Object Repository/Page_APCS ApplicationUPS/input_Cancel_myButton' is clicked on

2019-01-07 17:41:05 - [MESSAGE][PASSED] - Object: 'Object Repository/Page_APCS ApplicationUPS/input_Cancel_myButton' is clicked on

2019-01-07 17:41:05 - [TEST_STEP][PASSED] - click(findTestObject("Object Repository/Page_APCS ApplicationUPS/span_Cordova Elvis")): Object: 'Object Repository/Page_APCS ApplicationUPS/span_Cordova Elvis' is clicked on

2019-01-07 17:41:06 - [MESSAGE][PASSED] - Object: 'Object Repository/Page_APCS ApplicationUPS/span_Cordova Elvis' is clicked on

2019-01-07 17:41:06 - [TEST_STEP][FAILED] - verifyElementVisible(findTestObject("Object Repository/Page_APCS ApplicationUPS/a_Log out")): verifyElementVisible(findTestObject("Object Repository/Page_APCS ApplicationUPS/a_Log out")) FAILED.
Reason:
com.kms.katalon.core.exception.StepFailedException: Unable to verify object 'Object Repository/Page_APCS ApplicationUPS/a_Log out' is visible (Root cause: com.kms.katalon.core.exception.StepFailedException: Object 'Object Repository/Page_APCS ApplicationUPS/a_Log out' is NOT visible)
	at com.kms.katalon.core.keyword.internal.KeywordMain.stepFailed(KeywordMain.groovy:36)
	at com.kms.katalon.core.webui.keyword.internal.WebUIKeywordMain.stepFailed(WebUIKeywordMain.groovy:65)
	at com.kms.katalon.core.webui.keyword.internal.WebUIKeywordMain.runKeyword(WebUIKeywordMain.groovy:27)
	at com.kms.katalon.core.webui.keyword.builtin.VerifyElementVisibleKeyword.verifyElementVisible(VerifyElementVisibleKeyword.groovy:97)
	at com.kms.katalon.core.webui.keyword.builtin.VerifyElementVisibleKeyword.execute(VerifyElementVisibleKeyword.groovy:67)
	at com.kms.katalon.core.keyword.internal.KeywordExecutor.executeKeywordForPlatform(KeywordExecutor.groovy:53)
	at com.kms.katalon.core.webui.keyword.WebUiBuiltInKeywords.verifyElementVisible(WebUiBuiltInKeywords.groovy:372)
	at com.kms.katalon.core.webui.keyword.WebUiBuiltInKeywords$verifyElementVisible$8.call(Unknown Source)
	at APCS.run(APCS:80)
	at com.kms.katalon.core.main.ScriptEngine.run(ScriptEngine.java:194)
	at com.kms.katalon.core.main.ScriptEngine.runScriptAsRawText(ScriptEngine.java:119)
	at com.kms.katalon.core.main.TestCaseExecutor.runScript(TestCaseExecutor.java:328)
	at com.kms.katalon.core.main.TestCaseExecutor.doExecute(TestCaseExecutor.java:319)
	at com.kms.katalon.core.main.TestCaseExecutor.processExecutionPhase(TestCaseExecutor.java:298)
	at com.kms.katalon.core.main.TestCaseExecutor.accessMainPhase(TestCaseExecutor.java:290)
	at com.kms.katalon.core.main.TestCaseExecutor.execute(TestCaseExecutor.java:224)
	at com.kms.katalon.core.main.TestSuiteExecutor.accessTestCaseMainPhase(TestSuiteExecutor.java:129)
	at com.kms.katalon.core.main.TestSuiteExecutor.accessTestSuiteMainPhase(TestSuiteExecutor.java:112)
	at com.kms.katalon.core.main.TestSuiteExecutor.execute(TestSuiteExecutor.java:81)
	at com.kms.katalon.core.main.TestCaseMain.startTestSuite(TestCaseMain.java:149)
	at com.kms.katalon.core.main.TestCaseMain$startTestSuite$0.call(Unknown Source)
	at TempTestSuite1546900784529.run(TempTestSuite1546900784529.groovy:36)


2019-01-07 17:41:06 - [MESSAGE][FAILED] - Object 'Object Repository/Page_APCS ApplicationUPS/a_Log out' is NOT visible
[[ATTACHMENT|C:\\Users\\fgl8tbp\\Katalon Studio\\scenario\\Reports\\APCS_TEST\\20190107_173944\\1546900866901.png]]

2019-01-07 17:41:07 - [MESSAGE][FAILED] - Unable to verify object 'Object Repository/Page_APCS ApplicationUPS/a_Log out' is visible (Root cause: com.kms.katalon.core.exception.StepFailedException: Object 'Object Repository/Page_APCS ApplicationUPS/a_Log out' is NOT visible)
[[ATTACHMENT|C:\\Users\\fgl8tbp\\Katalon Studio\\scenario\\Reports\\APCS_TEST\\20190107_173944\\1546900866994.png]]

2019-01-07 17:41:07 - [MESSAGE][FAILED] - verifyElementVisible(findTestObject("Object Repository/Page_APCS ApplicationUPS/a_Log out")) FAILED.
Reason:
com.kms.katalon.core.exception.StepFailedException: Unable to verify object 'Object Repository/Page_APCS ApplicationUPS/a_Log out' is visible (Root cause: com.kms.katalon.core.exception.StepFailedException: Object 'Object Repository/Page_APCS ApplicationUPS/a_Log out' is NOT visible)
	at com.kms.katalon.core.keyword.internal.KeywordMain.stepFailed(KeywordMain.groovy:36)
	at com.kms.katalon.core.webui.keyword.internal.WebUIKeywordMain.stepFailed(WebUIKeywordMain.groovy:65)
	at com.kms.katalon.core.webui.keyword.internal.WebUIKeywordMain.runKeyword(WebUIKeywordMain.groovy:27)
	at com.kms.katalon.core.webui.keyword.builtin.VerifyElementVisibleKeyword.verifyElementVisible(VerifyElementVisibleKeyword.groovy:97)
	at com.kms.katalon.core.webui.keyword.builtin.VerifyElementVisibleKeyword.execute(VerifyElementVisibleKeyword.groovy:67)
	at com.kms.katalon.core.keyword.internal.KeywordExecutor.executeKeywordForPlatform(KeywordExecutor.groovy:53)
	at com.kms.katalon.core.webui.keyword.WebUiBuiltInKeywords.verifyElementVisible(WebUiBuiltInKeywords.groovy:372)
	at com.kms.katalon.core.webui.keyword.WebUiBuiltInKeywords$verifyElementVisible$8.call(Unknown Source)
	at APCS.run(APCS:80)
	at com.kms.katalon.core.main.ScriptEngine.run(ScriptEngine.java:194)
	at com.kms.katalon.core.main.ScriptEngine.runScriptAsRawText(ScriptEngine.java:119)
	at com.kms.katalon.core.main.TestCaseExecutor.runScript(TestCaseExecutor.java:328)
	at com.kms.katalon.core.main.TestCaseExecutor.doExecute(TestCaseExecutor.java:319)
	at com.kms.katalon.core.main.TestCaseExecutor.processExecutionPhase(TestCaseExecutor.java:298)
	at com.kms.katalon.core.main.TestCaseExecutor.accessMainPhase(TestCaseExecutor.java:290)
	at com.kms.katalon.core.main.TestCaseExecutor.execute(TestCaseExecutor.java:224)
	at com.kms.katalon.core.main.TestSuiteExecutor.accessTestCaseMainPhase(TestSuiteExecutor.java:129)
	at com.kms.katalon.core.main.TestSuiteExecutor.accessTestSuiteMainPhase(TestSuiteExecutor.java:112)
	at com.kms.katalon.core.main.TestSuiteExecutor.execute(TestSuiteExecutor.java:81)
	at com.kms.katalon.core.main.TestCaseMain.startTestSuite(TestCaseMain.java:149)
	at com.kms.katalon.core.main.TestCaseMain$startTestSuite$0.call(Unknown Source)
	at TempTestSuite1546900784529.run(TempTestSuite1546900784529.groovy:36)]]></system-out>
         <system-err><![CDATA[2019-01-07 17:39:48 - [TEST_CASE][FAILED] - Test Cases/APCS: Test Cases/APCS FAILED.
Reason:
com.kms.katalon.core.exception.StepFailedException: Unable to verify object 'Object Repository/Page_APCS ApplicationUPS/a_Log out' is visible (Root cause: com.kms.katalon.core.exception.StepFailedException: Object 'Object Repository/Page_APCS ApplicationUPS/a_Log out' is NOT visible)
	at com.kms.katalon.core.keyword.internal.KeywordMain.stepFailed(KeywordMain.groovy:36)
	at com.kms.katalon.core.webui.keyword.internal.WebUIKeywordMain.stepFailed(WebUIKeywordMain.groovy:65)
	at com.kms.katalon.core.webui.keyword.internal.WebUIKeywordMain.runKeyword(WebUIKeywordMain.groovy:27)
	at com.kms.katalon.core.webui.keyword.builtin.VerifyElementVisibleKeyword.verifyElementVisible(VerifyElementVisibleKeyword.groovy:97)
	at com.kms.katalon.core.webui.keyword.builtin.VerifyElementVisibleKeyword.execute(VerifyElementVisibleKeyword.groovy:67)
	at com.kms.katalon.core.keyword.internal.KeywordExecutor.executeKeywordForPlatform(KeywordExecutor.groovy:53)
	at com.kms.katalon.core.webui.keyword.WebUiBuiltInKeywords.verifyElementVisible(WebUiBuiltInKeywords.groovy:372)
	at com.kms.katalon.core.webui.keyword.WebUiBuiltInKeywords$verifyElementVisible$8.call(Unknown Source)
	at APCS.run(APCS:80)
	at com.kms.katalon.core.main.ScriptEngine.run(ScriptEngine.java:194)
	at com.kms.katalon.core.main.ScriptEngine.runScriptAsRawText(ScriptEngine.java:119)
	at com.kms.katalon.core.main.TestCaseExecutor.runScript(TestCaseExecutor.java:328)
	at com.kms.katalon.core.main.TestCaseExecutor.doExecute(TestCaseExecutor.java:319)
	at com.kms.katalon.core.main.TestCaseExecutor.processExecutionPhase(TestCaseExecutor.java:298)
	at com.kms.katalon.core.main.TestCaseExecutor.accessMainPhase(TestCaseExecutor.java:290)
	at com.kms.katalon.core.main.TestCaseExecutor.execute(TestCaseExecutor.java:224)
	at com.kms.katalon.core.main.TestSuiteExecutor.accessTestCaseMainPhase(TestSuiteExecutor.java:129)
	at com.kms.katalon.core.main.TestSuiteExecutor.accessTestSuiteMainPhase(TestSuiteExecutor.java:112)
	at com.kms.katalon.core.main.TestSuiteExecutor.execute(TestSuiteExecutor.java:81)
	at com.kms.katalon.core.main.TestCaseMain.startTestSuite(TestCaseMain.java:149)
	at com.kms.katalon.core.main.TestCaseMain$startTestSuite$0.call(Unknown Source)
	at TempTestSuite1546900784529.run(TempTestSuite1546900784529.groovy:36)]]></system-err>
      </testcase>
      <system-out><![CDATA[2019-01-07 17:39:47 - [TEST_SUITE][FAILED] - APCS_TEST: Test Cases/APCS FAILED.
Reason:
com.kms.katalon.core.exception.StepFailedException: Unable to verify object 'Object Repository/Page_APCS ApplicationUPS/a_Log out' is visible (Root cause: com.kms.katalon.core.exception.StepFailedException: Object 'Object Repository/Page_APCS ApplicationUPS/a_Log out' is NOT visible)
	at com.kms.katalon.core.keyword.internal.KeywordMain.stepFailed(KeywordMain.groovy:36)
	at com.kms.katalon.core.webui.keyword.internal.WebUIKeywordMain.stepFailed(WebUIKeywordMain.groovy:65)
	at com.kms.katalon.core.webui.keyword.internal.WebUIKeywordMain.runKeyword(WebUIKeywordMain.groovy:27)
	at com.kms.katalon.core.webui.keyword.builtin.VerifyElementVisibleKeyword.verifyElementVisible(VerifyElementVisibleKeyword.groovy:97)
	at com.kms.katalon.core.webui.keyword.builtin.VerifyElementVisibleKeyword.execute(VerifyElementVisibleKeyword.groovy:67)
	at com.kms.katalon.core.keyword.internal.KeywordExecutor.executeKeywordForPlatform(KeywordExecutor.groovy:53)
	at com.kms.katalon.core.webui.keyword.WebUiBuiltInKeywords.verifyElementVisible(WebUiBuiltInKeywords.groovy:372)
	at com.kms.katalon.core.webui.keyword.WebUiBuiltInKeywords$verifyElementVisible$8.call(Unknown Source)
	at APCS.run(APCS:80)
	at com.kms.katalon.core.main.ScriptEngine.run(ScriptEngine.java:194)
	at com.kms.katalon.core.main.ScriptEngine.runScriptAsRawText(ScriptEngine.java:119)
	at com.kms.katalon.core.main.TestCaseExecutor.runScript(TestCaseExecutor.java:328)
	at com.kms.katalon.core.main.TestCaseExecutor.doExecute(TestCaseExecutor.java:319)
	at com.kms.katalon.core.main.TestCaseExecutor.processExecutionPhase(TestCaseExecutor.java:298)
	at com.kms.katalon.core.main.TestCaseExecutor.accessMainPhase(TestCaseExecutor.java:290)
	at com.kms.katalon.core.main.TestCaseExecutor.execute(TestCaseExecutor.java:224)
	at com.kms.katalon.core.main.TestSuiteExecutor.accessTestCaseMainPhase(TestSuiteExecutor.java:129)
	at com.kms.katalon.core.main.TestSuiteExecutor.accessTestSuiteMainPhase(TestSuiteExecutor.java:112)
	at com.kms.katalon.core.main.TestSuiteExecutor.execute(TestSuiteExecutor.java:81)
	at com.kms.katalon.core.main.TestCaseMain.startTestSuite(TestCaseMain.java:149)
	at com.kms.katalon.core.main.TestCaseMain$startTestSuite$0.call(Unknown Source)
	at TempTestSuite1546900784529.run(TempTestSuite1546900784529.groovy:36)]]></system-out>
      <system-err><![CDATA[2019-01-07 17:39:47 - [TEST_SUITE][FAILED] - APCS_TEST: Test Cases/APCS FAILED.
Reason:
com.kms.katalon.core.exception.StepFailedException: Unable to verify object 'Object Repository/Page_APCS ApplicationUPS/a_Log out' is visible (Root cause: com.kms.katalon.core.exception.StepFailedException: Object 'Object Repository/Page_APCS ApplicationUPS/a_Log out' is NOT visible)
	at com.kms.katalon.core.keyword.internal.KeywordMain.stepFailed(KeywordMain.groovy:36)
	at com.kms.katalon.core.webui.keyword.internal.WebUIKeywordMain.stepFailed(WebUIKeywordMain.groovy:65)
	at com.kms.katalon.core.webui.keyword.internal.WebUIKeywordMain.runKeyword(WebUIKeywordMain.groovy:27)
	at com.kms.katalon.core.webui.keyword.builtin.VerifyElementVisibleKeyword.verifyElementVisible(VerifyElementVisibleKeyword.groovy:97)
	at com.kms.katalon.core.webui.keyword.builtin.VerifyElementVisibleKeyword.execute(VerifyElementVisibleKeyword.groovy:67)
	at com.kms.katalon.core.keyword.internal.KeywordExecutor.executeKeywordForPlatform(KeywordExecutor.groovy:53)
	at com.kms.katalon.core.webui.keyword.WebUiBuiltInKeywords.verifyElementVisible(WebUiBuiltInKeywords.groovy:372)
	at com.kms.katalon.core.webui.keyword.WebUiBuiltInKeywords$verifyElementVisible$8.call(Unknown Source)
	at APCS.run(APCS:80)
	at com.kms.katalon.core.main.ScriptEngine.run(ScriptEngine.java:194)
	at com.kms.katalon.core.main.ScriptEngine.runScriptAsRawText(ScriptEngine.java:119)
	at com.kms.katalon.core.main.TestCaseExecutor.runScript(TestCaseExecutor.java:328)
	at com.kms.katalon.core.main.TestCaseExecutor.doExecute(TestCaseExecutor.java:319)
	at com.kms.katalon.core.main.TestCaseExecutor.processExecutionPhase(TestCaseExecutor.java:298)
	at com.kms.katalon.core.main.TestCaseExecutor.accessMainPhase(TestCaseExecutor.java:290)
	at com.kms.katalon.core.main.TestCaseExecutor.execute(TestCaseExecutor.java:224)
	at com.kms.katalon.core.main.TestSuiteExecutor.accessTestCaseMainPhase(TestSuiteExecutor.java:129)
	at com.kms.katalon.core.main.TestSuiteExecutor.accessTestSuiteMainPhase(TestSuiteExecutor.java:112)
	at com.kms.katalon.core.main.TestSuiteExecutor.execute(TestSuiteExecutor.java:81)
	at com.kms.katalon.core.main.TestCaseMain.startTestSuite(TestCaseMain.java:149)
	at com.kms.katalon.core.main.TestCaseMain$startTestSuite$0.call(Unknown Source)
	at TempTestSuite1546900784529.run(TempTestSuite1546900784529.groovy:36)]]></system-err>
   </testsuite>
</testsuites>
